# JRE version: OpenJDK Runtime Environment Temurin-17.0.1+12 (17.0.1+12) (build 17.0.1+12)
# Java VM: OpenJDK 64-Bit Server VM Temurin-17.0.1+12 (17.0.1+12, mixed mode, tiered, compressed oops, compressed class ptrs, g1 gc, windows-amd64)
GC Precious Log:
 CPUs: 8 total, 8 available
 Memory: 8101M
 Large Page Support: Disabled
 NUMA Support: Disabled
 Compressed Oops: Enabled (32-bit)
 Heap Region Size: 1M
 Heap Min Capacity: 8M
 Heap Initial Capacity: 128M
 Heap Max Capacity: 2026M
 Pre-touch: Disabled
 Parallel Workers: 8
 Concurrent Workers: 2
 Concurrent Refinement Workers: 8
 Periodic GC: Disabled
Heap:
 garbage-first heap   total 73728K, used 31184K [0x0000000081600000, 0x0000000100000000)
  region size 1024K, 10 young (10240K), 5 survivors (5120K)
 Metaspace       used 64307K, committed 64704K, reserved 1105920K
  class space    used 8296K, committed 8512K, reserved 1048576K
GC Heap History (20 events):
Event: 3.125 GC heap before
{Heap before GC invocations=8 (full 0):
 garbage-first heap   total 37888K, used 28765K [0x0000000081600000, 0x0000000100000000)
  region size 1024K, 19 young (19456K), 1 survivors (1024K)
 Metaspace       used 26397K, committed 26688K, reserved 1073152K
  class space    used 2938K, committed 3072K, reserved 1048576K
}
Event: 3.138 GC heap after
{Heap after GC invocations=9 (full 0):
 garbage-first heap   total 113664K, used 11557K [0x0000000081600000, 0x0000000100000000)
  region size 1024K, 2 young (2048K), 2 survivors (2048K)
 Metaspace       used 26397K, committed 26688K, reserved 1073152K
  class space    used 2938K, committed 3072K, reserved 1048576K
}
Event: 5.120 GC heap before
{Heap before GC invocations=9 (full 0):
 garbage-first heap   total 113664K, used 76069K [0x0000000081600000, 0x0000000100000000)
  region size 1024K, 66 young (67584K), 2 survivors (2048K)
 Metaspace       used 34425K, committed 34752K, reserved 1081344K
  class space    used 4036K, committed 4160K, reserved 1048576K
}
Event: 5.142 GC heap after
{Heap after GC invocations=10 (full 0):
 garbage-first heap   total 113664K, used 15654K [0x0000000081600000, 0x0000000100000000)
  region size 1024K, 6 young (6144K), 6 survivors (6144K)
 Metaspace       used 34425K, committed 34752K, reserved 1081344K
  class space    used 4036K, committed 4160K, reserved 1048576K
}
Event: 5.354 GC heap before
{Heap before GC invocations=10 (full 0):
 garbage-first heap   total 113664K, used 76070K [0x0000000081600000, 0x0000000100000000)
  region size 1024K, 66 young (67584K), 6 survivors (6144K)
 Metaspace       used 35296K, committed 35584K, reserved 1081344K
  class space    used 4114K, committed 4224K, reserved 1048576K
}
Event: 5.361 GC heap after
{Heap after GC invocations=11 (full 0):
 garbage-first heap   total 113664K, used 16338K [0x0000000081600000, 0x0000000100000000)
  region size 1024K, 5 young (5120K), 5 survivors (5120K)
 Metaspace       used 35296K, committed 35584K, reserved 1081344K
  class space    used 4114K, committed 4224K, reserved 1048576K
}
Event: 5.551 GC heap before
{Heap before GC invocations=11 (full 0):
 garbage-first heap   total 113664K, used 22482K [0x0000000081600000, 0x0000000100000000)
  region size 1024K, 12 young (12288K), 5 survivors (5120K)
 Metaspace       used 36037K, committed 36288K, reserved 1081344K
  class space    used 4217K, committed 4352K, reserved 1048576K
}
Event: 5.558 GC heap after
{Heap after GC invocations=12 (full 0):
 garbage-first heap   total 113664K, used 16599K [0x0000000081600000, 0x0000000100000000)
  region size 1024K, 5 young (5120K), 5 survivors (5120K)
 Metaspace       used 36037K, committed 36288K, reserved 1081344K
  class space    used 4217K, committed 4352K, reserved 1048576K
}
Event: 6.406 GC heap before
{Heap before GC invocations=13 (full 0):
 garbage-first heap   total 61440K, used 47319K [0x0000000081600000, 0x0000000100000000)
  region size 1024K, 36 young (36864K), 5 survivors (5120K)
 Metaspace       used 44101K, committed 44416K, reserved 1089536K
  class space    used 5405K, committed 5568K, reserved 1048576K
}
Event: 6.411 GC heap after
{Heap after GC invocations=14 (full 0):
 garbage-first heap   total 61440K, used 18672K [0x0000000081600000, 0x0000000100000000)
  region size 1024K, 4 young (4096K), 4 survivors (4096K)
 Metaspace       used 44101K, committed 44416K, reserved 1089536K
  class space    used 5405K, committed 5568K, reserved 1048576K
}
Event: 7.472 GC heap before
{Heap before GC invocations=14 (full 0):
 garbage-first heap   total 61440K, used 47344K [0x0000000081600000, 0x0000000100000000)
  region size 1024K, 33 young (33792K), 4 survivors (4096K)
 Metaspace       used 51873K, committed 52224K, reserved 1097728K
  class space    used 6619K, committed 6784K, reserved 1048576K
}
Event: 7.479 GC heap after
{Heap after GC invocations=15 (full 0):
 garbage-first heap   total 61440K, used 20863K [0x0000000081600000, 0x0000000100000000)
  region size 1024K, 5 young (5120K), 5 survivors (5120K)
 Metaspace       used 51873K, committed 52224K, reserved 1097728K
  class space    used 6619K, committed 6784K, reserved 1048576K
}
Event: 8.266 GC heap before
{Heap before GC invocations=15 (full 0):
 garbage-first heap   total 61440K, used 48511K [0x0000000081600000, 0x0000000100000000)
  region size 1024K, 32 young (32768K), 5 survivors (5120K)
 Metaspace       used 56927K, committed 57216K, reserved 1105920K
  class space    used 7299K, committed 7424K, reserved 1048576K
}
Event: 8.285 GC heap after
{Heap after GC invocations=16 (full 0):
 garbage-first heap   total 61440K, used 22800K [0x0000000081600000, 0x0000000100000000)
  region size 1024K, 3 young (3072K), 3 survivors (3072K)
 Metaspace       used 56927K, committed 57216K, reserved 1105920K
  class space    used 7299K, committed 7424K, reserved 1048576K
}
Event: 8.943 GC heap before
{Heap before GC invocations=16 (full 0):
 garbage-first heap   total 61440K, used 47376K [0x0000000081600000, 0x0000000100000000)
  region size 1024K, 28 young (28672K), 3 survivors (3072K)
 Metaspace       used 59829K, committed 60160K, reserved 1105920K
  class space    used 7713K, committed 7872K, reserved 1048576K
}
Event: 8.960 GC heap after
{Heap after GC invocations=17 (full 0):
 garbage-first heap   total 73728K, used 24318K [0x0000000081600000, 0x0000000100000000)
  region size 1024K, 4 young (4096K), 4 survivors (4096K)
 Metaspace       used 59829K, committed 60160K, reserved 1105920K
  class space    used 7713K, committed 7872K, reserved 1048576K
}
Event: 9.119 GC heap before
{Heap before GC invocations=17 (full 0):
 garbage-first heap   total 73728K, used 29438K [0x0000000081600000, 0x0000000100000000)
  region size 1024K, 10 young (10240K), 4 survivors (4096K)
 Metaspace       used 60539K, committed 60928K, reserved 1105920K
  class space    used 7807K, committed 8000K, reserved 1048576K
}
Event: 9.138 GC heap after
{Heap after GC invocations=18 (full 0):
 garbage-first heap   total 73728K, used 25220K [0x0000000081600000, 0x0000000100000000)
  region size 1024K, 3 young (3072K), 3 survivors (3072K)
 Metaspace       used 60539K, committed 60928K, reserved 1105920K
  class space    used 7807K, committed 8000K, reserved 1048576K
}
Event: 119.285 GC heap before
{Heap before GC invocations=19 (full 0):
 garbage-first heap   total 73728K, used 56964K [0x0000000081600000, 0x0000000100000000)
  region size 1024K, 34 young (34816K), 3 survivors (3072K)
 Metaspace       used 64063K, committed 64448K, reserved 1105920K
  class space    used 8271K, committed 8448K, reserved 1048576K
}
Event: 119.311 GC heap after
{Heap after GC invocations=20 (full 0):
 garbage-first heap   total 73728K, used 27088K [0x0000000081600000, 0x0000000100000000)
  region size 1024K, 5 young (5120K), 5 survivors (5120K)
 Metaspace       used 64063K, committed 64448K, reserved 1105920K
  class space    used 8271K, committed 8448K, reserved 1048576K
}

